# ERRORS[28-Feb-2021 18:25:46 Europe/Belgrade] PHP Notice:  Undefined variable: veze in D:\xampp\htdocs\builder\app\Controllers\KontrolerController.php on line 32
[28-Feb-2021 19:11:51 Europe/Belgrade] PHP Notice:  Undefined variable: pplus in D:\xampp\htdocs\builder\app\Controllers\KontrolerController.php on line 64
[28-Feb-2021 19:15:53 Europe/Belgrade] PHP Warning:  implode(): Invalid arguments passed in D:\xampp\htdocs\builder\app\Controllers\KontrolerController.php on line 69
[28-Feb-2021 19:16:43 Europe/Belgrade] PHP Warning:  implode(): Invalid arguments passed in D:\xampp\htdocs\builder\app\Controllers\KontrolerController.php on line 69
[28-Feb-2021 19:19:42 Europe/Belgrade] PHP Warning:  implode(): Invalid arguments passed in D:\xampp\htdocs\builder\app\Controllers\KontrolerController.php on line 70
[28-Feb-2021 19:31:54 Europe/Belgrade] PHP Notice:  Undefined property: App\Models\Kolone::$podrazumevano in D:\xampp\htdocs\builder\app\Controllers\HomeController.php on line 71
[28-Feb-2021 19:31:54 Europe/Belgrade] PHP Notice:  Undefined property: App\Models\Kolone::$podrazumevano in D:\xampp\htdocs\builder\app\Controllers\HomeController.php on line 71
[28-Feb-2021 19:31:54 Europe/Belgrade] PHP Notice:  Undefined property: App\Models\Kolone::$podrazumevano in D:\xampp\htdocs\builder\app\Controllers\HomeController.php on line 71
[28-Feb-2021 19:31:54 Europe/Belgrade] PHP Notice:  Undefined property: App\Models\Kolone::$podrazumevano in D:\xampp\htdocs\builder\app\Controllers\HomeController.php on line 71
[28-Feb-2021 19:31:54 Europe/Belgrade] PHP Notice:  Undefined property: App\Models\Kolone::$podrazumevano in D:\xampp\htdocs\builder\app\Controllers\HomeController.php on line 71
[28-Feb-2021 19:31:54 Europe/Belgrade] PHP Notice:  Undefined property: App\Models\Kolone::$podrazumevano in D:\xampp\htdocs\builder\app\Controllers\HomeController.php on line 71
[28-Feb-2021 19:31:54 Europe/Belgrade] PHP Notice:  Undefined property: App\Models\Kolone::$podrazumevano in D:\xampp\htdocs\builder\app\Controllers\HomeController.php on line 71
[28-Feb-2021 19:31:54 Europe/Belgrade] PHP Notice:  Undefined property: App\Models\Kolone::$podrazumevano in D:\xampp\htdocs\builder\app\Controllers\HomeController.php on line 71
[28-Feb-2021 19:31:54 Europe/Belgrade] PHP Notice:  Undefined property: App\Models\Kolone::$podrazumevano in D:\xampp\htdocs\builder\app\Controllers\HomeController.php on line 71
[28-Feb-2021 19:32:48 Europe/Belgrade] PHP Notice:  Undefined property: App\Models\Kolone::$podrazumevano in D:\xampp\htdocs\builder\app\Controllers\HomeController.php on line 71
[28-Feb-2021 19:32:48 Europe/Belgrade] PHP Notice:  Undefined property: App\Models\Kolone::$podrazumevano in D:\xampp\htdocs\builder\app\Controllers\HomeController.php on line 71
[28-Feb-2021 19:32:48 Europe/Belgrade] PHP Notice:  Undefined property: App\Models\Kolone::$podrazumevano in D:\xampp\htdocs\builder\app\Controllers\HomeController.php on line 71
[28-Feb-2021 19:32:48 Europe/Belgrade] PHP Notice:  Undefined property: App\Models\Kolone::$podrazumevano in D:\xampp\htdocs\builder\app\Controllers\HomeController.php on line 71
[28-Feb-2021 19:32:48 Europe/Belgrade] PHP Notice:  Undefined property: App\Models\Kolone::$podrazumevano in D:\xampp\htdocs\builder\app\Controllers\HomeController.php on line 71
[28-Feb-2021 19:32:48 Europe/Belgrade] PHP Notice:  Undefined property: App\Models\Kolone::$podrazumevano in D:\xampp\htdocs\builder\app\Controllers\HomeController.php on line 71
[28-Feb-2021 19:32:48 Europe/Belgrade] PHP Notice:  Undefined property: App\Models\Kolone::$podrazumevano in D:\xampp\htdocs\builder\app\Controllers\HomeController.php on line 71
[28-Feb-2021 20:28:22 Europe/Belgrade] PHP Notice:  Undefined variable: filename in D:\xampp\htdocs\builder\app\Controllers\KontrolerController.php on line 80
[28-Feb-2021 20:30:27 Europe/Belgrade] PHP Warning:  Use of undefined constant fajl - assumed 'fajl' (this will throw an Error in a future version of PHP) in D:\xampp\htdocs\builder\app\Controllers\KontrolerController.php on line 81
[01-Mar-2021 07:40:22 Europe/Belgrade] PHP Notice:  Undefined property: App\Models\Kolone::$podrazumevano in E:\xampp\htdocs\builder\app\Controllers\HomeController.php on line 71
[01-Mar-2021 07:40:22 Europe/Belgrade] PHP Notice:  Undefined property: App\Models\Kolone::$podrazumevano in E:\xampp\htdocs\builder\app\Controllers\HomeController.php on line 71
[01-Mar-2021 07:40:22 Europe/Belgrade] PHP Notice:  Undefined property: App\Models\Kolone::$podrazumevano in E:\xampp\htdocs\builder\app\Controllers\HomeController.php on line 71
[01-Mar-2021 07:40:22 Europe/Belgrade] PHP Notice:  Undefined property: App\Models\Kolone::$podrazumevano in E:\xampp\htdocs\builder\app\Controllers\HomeController.php on line 71
[01-Mar-2021 07:40:22 Europe/Belgrade] PHP Notice:  Undefined property: App\Models\Kolone::$podrazumevano in E:\xampp\htdocs\builder\app\Controllers\HomeController.php on line 71
[01-Mar-2021 07:40:22 Europe/Belgrade] PHP Notice:  Undefined property: App\Models\Kolone::$podrazumevano in E:\xampp\htdocs\builder\app\Controllers\HomeController.php on line 71
[01-Mar-2021 07:40:22 Europe/Belgrade] PHP Notice:  Undefined property: App\Models\Kolone::$podrazumevano in E:\xampp\htdocs\builder\app\Controllers\HomeController.php on line 71
[01-Mar-2021 07:40:22 Europe/Belgrade] PHP Notice:  Undefined property: App\Models\Kolone::$podrazumevano in E:\xampp\htdocs\builder\app\Controllers\HomeController.php on line 71
[01-Mar-2021 07:40:22 Europe/Belgrade] PHP Notice:  Undefined property: App\Models\Kolone::$podrazumevano in E:\xampp\htdocs\builder\app\Controllers\HomeController.php on line 71
[01-Mar-2021 07:40:22 Europe/Belgrade] PHP Notice:  Undefined property: App\Models\Kolone::$podrazumevano in E:\xampp\htdocs\builder\app\Controllers\HomeController.php on line 71
[01-Mar-2021 07:44:46 Europe/Belgrade] PHP Notice:  Undefined property: App\Models\Kolone::$podrazumevano in E:\xampp\htdocs\builder\app\Controllers\HomeController.php on line 71
[01-Mar-2021 07:44:46 Europe/Belgrade] PHP Notice:  Undefined property: App\Models\Kolone::$podrazumevano in E:\xampp\htdocs\builder\app\Controllers\HomeController.php on line 71
[01-Mar-2021 07:44:46 Europe/Belgrade] PHP Notice:  Undefined property: App\Models\Kolone::$podrazumevano in E:\xampp\htdocs\builder\app\Controllers\HomeController.php on line 71
[01-Mar-2021 07:44:46 Europe/Belgrade] PHP Notice:  Undefined property: App\Models\Kolone::$podrazumevano in E:\xampp\htdocs\builder\app\Controllers\HomeController.php on line 71
[01-Mar-2021 07:44:46 Europe/Belgrade] PHP Notice:  Undefined property: App\Models\Kolone::$podrazumevano in E:\xampp\htdocs\builder\app\Controllers\HomeController.php on line 71
[01-Mar-2021 07:44:46 Europe/Belgrade] PHP Notice:  Undefined property: App\Models\Kolone::$podrazumevano in E:\xampp\htdocs\builder\app\Controllers\HomeController.php on line 71
[01-Mar-2021 07:44:46 Europe/Belgrade] PHP Notice:  Undefined property: App\Models\Kolone::$podrazumevano in E:\xampp\htdocs\builder\app\Controllers\HomeController.php on line 71
[01-Mar-2021 07:44:46 Europe/Belgrade] PHP Notice:  Undefined property: App\Models\Kolone::$podrazumevano in E:\xampp\htdocs\builder\app\Controllers\HomeController.php on line 71
[01-Mar-2021 07:44:46 Europe/Belgrade] PHP Notice:  Undefined property: App\Models\Kolone::$podrazumevano in E:\xampp\htdocs\builder\app\Controllers\HomeController.php on line 71
[01-Mar-2021 07:44:46 Europe/Belgrade] PHP Notice:  Undefined property: App\Models\Kolone::$podrazumevano in E:\xampp\htdocs\builder\app\Controllers\HomeController.php on line 71
[01-Mar-2021 07:44:46 Europe/Belgrade] PHP Notice:  Undefined property: App\Models\Kolone::$podrazumevano in E:\xampp\htdocs\builder\app\Controllers\HomeController.php on line 71
[01-Mar-2021 07:44:46 Europe/Belgrade] PHP Notice:  Undefined property: App\Models\Kolone::$podrazumevano in E:\xampp\htdocs\builder\app\Controllers\HomeController.php on line 71
[01-Mar-2021 07:44:46 Europe/Belgrade] PHP Notice:  Undefined property: App\Models\Kolone::$podrazumevano in E:\xampp\htdocs\builder\app\Controllers\HomeController.php on line 71
[01-Mar-2021 07:44:46 Europe/Belgrade] PHP Notice:  Undefined property: App\Models\Kolone::$podrazumevano in E:\xampp\htdocs\builder\app\Controllers\HomeController.php on line 71
[01-Mar-2021 07:44:47 Europe/Belgrade] PHP Notice:  Undefined property: App\Models\Kolone::$podrazumevano in E:\xampp\htdocs\builder\app\Controllers\HomeController.php on line 71
[01-Mar-2021 07:44:47 Europe/Belgrade] PHP Notice:  Undefined property: App\Models\Kolone::$podrazumevano in E:\xampp\htdocs\builder\app\Controllers\HomeController.php on line 71
[01-Mar-2021 07:48:40 Europe/Belgrade] PHP Notice:  Undefined property: App\Models\Kolone::$podrazumevano in E:\xampp\htdocs\builder\app\Controllers\HomeController.php on line 71
[01-Mar-2021 07:48:40 Europe/Belgrade] PHP Notice:  Undefined property: App\Models\Kolone::$podrazumevano in E:\xampp\htdocs\builder\app\Controllers\HomeController.php on line 71
[01-Mar-2021 07:48:40 Europe/Belgrade] PHP Notice:  Undefined property: App\Models\Kolone::$podrazumevano in E:\xampp\htdocs\builder\app\Controllers\HomeController.php on line 71
[01-Mar-2021 07:48:40 Europe/Belgrade] PHP Notice:  Undefined property: App\Models\Kolone::$podrazumevano in E:\xampp\htdocs\builder\app\Controllers\HomeController.php on line 71
[01-Mar-2021 07:48:40 Europe/Belgrade] PHP Notice:  Undefined property: App\Models\Kolone::$podrazumevano in E:\xampp\htdocs\builder\app\Controllers\HomeController.php on line 71
[01-Mar-2021 07:48:41 Europe/Belgrade] PHP Notice:  Undefined property: App\Models\Kolone::$podrazumevano in E:\xampp\htdocs\builder\app\Controllers\HomeController.php on line 71
[01-Mar-2021 07:48:41 Europe/Belgrade] PHP Notice:  Undefined property: App\Models\Kolone::$podrazumevano in E:\xampp\htdocs\builder\app\Controllers\HomeController.php on line 71
[01-Mar-2021 07:48:41 Europe/Belgrade] PHP Notice:  Undefined property: App\Models\Kolone::$podrazumevano in E:\xampp\htdocs\builder\app\Controllers\HomeController.php on line 71
[01-Mar-2021 07:48:41 Europe/Belgrade] PHP Notice:  Undefined property: App\Models\Kolone::$podrazumevano in E:\xampp\htdocs\builder\app\Controllers\HomeController.php on line 71
[01-Mar-2021 07:48:41 Europe/Belgrade] PHP Notice:  Undefined property: App\Models\Kolone::$podrazumevano in E:\xampp\htdocs\builder\app\Controllers\HomeController.php on line 71
[01-Mar-2021 08:27:45 Europe/Belgrade] PHP Notice:  Undefined property: App\Models\Kolone::$podrazumevano in E:\xampp\htdocs\builder\app\Controllers\HomeController.php on line 71
[01-Mar-2021 08:27:45 Europe/Belgrade] PHP Notice:  Undefined property: App\Models\Kolone::$podrazumevano in E:\xampp\htdocs\builder\app\Controllers\HomeController.php on line 71
[01-Mar-2021 08:27:45 Europe/Belgrade] PHP Notice:  Undefined property: App\Models\Kolone::$podrazumevano in E:\xampp\htdocs\builder\app\Controllers\HomeController.php on line 71
[01-Mar-2021 08:27:45 Europe/Belgrade] PHP Notice:  Undefined property: App\Models\Kolone::$podrazumevano in E:\xampp\htdocs\builder\app\Controllers\HomeController.php on line 71
[01-Mar-2021 08:27:45 Europe/Belgrade] PHP Notice:  Undefined property: App\Models\Kolone::$podrazumevano in E:\xampp\htdocs\builder\app\Controllers\HomeController.php on line 71
[01-Mar-2021 08:27:45 Europe/Belgrade] PHP Notice:  Undefined property: App\Models\Kolone::$podrazumevano in E:\xampp\htdocs\builder\app\Controllers\HomeController.php on line 71
[01-Mar-2021 08:27:45 Europe/Belgrade] PHP Notice:  Undefined property: App\Models\Kolone::$podrazumevano in E:\xampp\htdocs\builder\app\Controllers\HomeController.php on line 71
[01-Mar-2021 08:27:45 Europe/Belgrade] PHP Notice:  Undefined property: App\Models\Kolone::$podrazumevano in E:\xampp\htdocs\builder\app\Controllers\HomeController.php on line 71
[01-Mar-2021 08:27:46 Europe/Belgrade] PHP Notice:  Undefined property: App\Models\Kolone::$podrazumevano in E:\xampp\htdocs\builder\app\Controllers\HomeController.php on line 71
[01-Mar-2021 08:27:46 Europe/Belgrade] PHP Notice:  Undefined property: App\Models\Kolone::$podrazumevano in E:\xampp\htdocs\builder\app\Controllers\HomeController.php on line 71
[01-Mar-2021 19:10:54 Europe/Belgrade] PHP Notice:  Undefined property: App\Models\Kolone::$naziv in D:\xampp\htdocs\builder\app\Controllers\KontrolerController.php on line 77
[01-Mar-2021 19:10:54 Europe/Belgrade] PHP Notice:  Undefined property: App\Models\Kolone::$naziv in D:\xampp\htdocs\builder\app\Controllers\KontrolerController.php on line 85
[01-Mar-2021 19:10:54 Europe/Belgrade] PHP Notice:  Undefined property: App\Models\Kolone::$naziv in D:\xampp\htdocs\builder\app\Controllers\KontrolerController.php on line 85
[02-Mar-2021 08:21:28 Europe/Belgrade] PHP Warning:  Invalid argument supplied for foreach() in E:\xampp\htdocs\builder\app\Controllers\KontrolerController.php on line 117
[03-Mar-2021 08:02:10 Europe/Belgrade] PHP Notice:  Trying to get property 'sadrzaj' of non-object in E:\xampp\htdocs\builder\app\Controllers\KontrolerController.php on line 41
